[2025-12-02 11:43:30,547][root][INFO] - Initial parameters:
[2025-12-02 11:43:30,548][root][INFO] -   LAT:
[2025-12-02 11:43:30,548][root][INFO] -     NCC initial: -0.4193
[2025-12-02 11:43:30,548][root][INFO] -     DSC initial: 0.2009
[2025-12-02 11:43:30,548][root][INFO] -     Rotation (alpha, beta, gamma): [[1.5707963705062866, 0.0, 0.0]]
[2025-12-02 11:43:30,548][root][INFO] -     Translation (bx, by, bz): [[0.0, 570.0, 0.0]]
[2025-12-02 11:43:30,548][root][INFO] -   PA:
[2025-12-02 11:43:30,548][root][INFO] -     NCC initial: -0.5057
[2025-12-02 11:43:30,548][root][INFO] -     DSC initial: 0.1320
[2025-12-02 11:43:30,548][root][INFO] -     Rotation (alpha, beta, gamma): [[0.0, 0.0, 0.0]]
[2025-12-02 11:43:30,548][root][INFO] -     Translation (bx, by, bz): [[0.0, 704.0, 0.0]]
[2025-12-02 11:44:31,112][root][INFO] - Iter 3: New best NCC for LAT: -0.4239
[2025-12-02 11:44:31,113][root][INFO] -          DSC: 0.2010
[2025-12-02 11:44:49,602][root][INFO] - Iter 4: New best NCC for LAT: -0.4392
[2025-12-02 11:44:49,603][root][INFO] -          DSC: 0.1956
[2025-12-02 11:45:05,045][root][INFO] - Iter 5: New best NCC for LAT: -0.4654
[2025-12-02 11:45:05,045][root][INFO] -          DSC: 0.1866
[2025-12-02 11:45:21,224][root][INFO] - Iter 6: New best NCC for LAT: -0.5299
[2025-12-02 11:45:21,225][root][INFO] -          DSC: 0.1782
[2025-12-02 11:45:21,225][root][INFO] - Iter 6: New best NCC for PA: -0.5339
[2025-12-02 11:45:21,225][root][INFO] -          DSC: 0.1109
[2025-12-02 11:45:37,326][root][INFO] - Iter 7: New best NCC for PA: -0.5479
[2025-12-02 11:45:37,326][root][INFO] -          DSC: 0.1075
[2025-12-02 11:45:54,821][root][INFO] - Iter 8: New best NCC for PA: -0.5589
[2025-12-02 11:45:54,821][root][INFO] -          DSC: 0.1035
[2025-12-02 11:46:11,707][root][INFO] - Iter 9: New best NCC for LAT: -0.5454
[2025-12-02 11:46:11,707][root][INFO] -          DSC: 0.1798
[2025-12-02 11:46:11,708][root][INFO] - Iter 9: New best NCC for PA: -0.5634
[2025-12-02 11:46:11,708][root][INFO] -          DSC: 0.1002
[2025-12-02 11:46:29,664][root][INFO] - Iter 10: New best NCC for LAT: -0.5739
[2025-12-02 11:46:29,664][root][INFO] -          DSC: 0.1720
[2025-12-02 11:46:29,664][root][INFO] - Iter 10: New best NCC for PA: -0.5696
[2025-12-02 11:46:29,664][root][INFO] -          DSC: 0.0980
[2025-12-02 11:46:47,235][root][INFO] - Iter 11: New best NCC for PA: -0.5731
[2025-12-02 11:46:47,236][root][INFO] -          DSC: 0.0953
[2025-12-02 11:47:03,375][root][INFO] - Iter 12: New best NCC for PA: -0.5813
[2025-12-02 11:47:03,375][root][INFO] -          DSC: 0.0922
[2025-12-02 11:47:19,340][root][INFO] - Iter 13: New best NCC for LAT: -0.5754
[2025-12-02 11:47:19,341][root][INFO] -          DSC: 0.1752
[2025-12-02 11:47:19,341][root][INFO] - Iter 13: New best NCC for PA: -0.5858
[2025-12-02 11:47:19,341][root][INFO] -          DSC: 0.0883
[2025-12-02 11:47:36,709][root][INFO] - Iter 14: New best NCC for LAT: -0.5800
[2025-12-02 11:47:36,709][root][INFO] -          DSC: 0.1769
[2025-12-02 11:47:54,683][root][INFO] - Iter 15: New best NCC for PA: -0.5920
[2025-12-02 11:47:54,684][root][INFO] -          DSC: 0.0855
[2025-12-02 11:48:11,478][root][INFO] - Iter 16: New best NCC for PA: -0.5999
[2025-12-02 11:48:11,478][root][INFO] -          DSC: 0.0884
[2025-12-02 11:48:27,008][root][INFO] - Iter 17: New best NCC for LAT: -0.5915
[2025-12-02 11:48:27,009][root][INFO] -          DSC: 0.1789
[2025-12-02 11:48:42,366][root][INFO] - Iter 18: New best NCC for LAT: -0.5969
[2025-12-02 11:48:42,366][root][INFO] -          DSC: 0.1781
[2025-12-02 11:49:44,436][root][INFO] - Iter 22: New best NCC for PA: -0.6081
[2025-12-02 11:49:44,436][root][INFO] -          DSC: 0.0856
[2025-12-02 11:49:59,998][root][INFO] - Iter 23: New best NCC for LAT: -0.6001
[2025-12-02 11:49:59,999][root][INFO] -          DSC: 0.1743
[2025-12-02 11:49:59,999][root][INFO] - Iter 23: New best NCC for PA: -0.6166
[2025-12-02 11:49:59,999][root][INFO] -          DSC: 0.0855
[2025-12-02 11:50:15,544][root][INFO] - Iter 24: New best NCC for LAT: -0.6083
[2025-12-02 11:50:15,545][root][INFO] -          DSC: 0.1756
[2025-12-02 11:51:03,175][root][INFO] - Iter 27: New best NCC for PA: -0.6189
[2025-12-02 11:51:03,176][root][INFO] -          DSC: 0.0893
[2025-12-02 11:51:19,086][root][INFO] - Iter 28: New best NCC for LAT: -0.6085
[2025-12-02 11:51:19,086][root][INFO] -          DSC: 0.1750
[2025-12-02 11:51:19,086][root][INFO] - Iter 28: New best NCC for PA: -0.6198
[2025-12-02 11:51:19,086][root][INFO] -          DSC: 0.0924
[2025-12-02 11:51:35,008][root][INFO] - Iter 29: New best NCC for LAT: -0.6136
[2025-12-02 11:51:35,009][root][INFO] -          DSC: 0.1741
[2025-12-02 11:52:54,716][root][INFO] - Iter 34: New best NCC for LAT: -0.6151
[2025-12-02 11:52:54,716][root][INFO] -          DSC: 0.1709
[2025-12-02 11:53:10,848][root][INFO] - Iter 35: New best NCC for LAT: -0.6177
[2025-12-02 11:53:10,848][root][INFO] -          DSC: 0.1723
[2025-12-02 11:53:27,837][root][INFO] - Iter 36: New best NCC for PA: -0.6213
[2025-12-02 11:53:27,837][root][INFO] -          DSC: 0.0886
[2025-12-02 11:54:01,781][root][INFO] - Iter 38: New best NCC for LAT: -0.6204
[2025-12-02 11:54:01,782][root][INFO] -          DSC: 0.1731
[2025-12-02 11:54:18,093][root][INFO] - Iter 39: New best NCC for LAT: -0.6205
[2025-12-02 11:54:18,093][root][INFO] -          DSC: 0.1702
[2025-12-02 11:54:18,093][root][INFO] - Iter 39: New best NCC for PA: -0.6265
[2025-12-02 11:54:18,093][root][INFO] -          DSC: 0.0879
[2025-12-02 11:54:34,177][root][INFO] - Iter 40: New best NCC for PA: -0.6281
[2025-12-02 11:54:34,178][root][INFO] -          DSC: 0.0853
[2025-12-02 11:55:06,617][root][INFO] - Iter 42: New best NCC for LAT: -0.6260
[2025-12-02 11:55:06,617][root][INFO] -          DSC: 0.1701
[2025-12-02 11:55:22,645][root][INFO] - Iter 43: New best NCC for LAT: -0.6285
[2025-12-02 11:55:22,646][root][INFO] -          DSC: 0.1720
[2025-12-02 11:55:38,789][root][INFO] - Iter 44: New best NCC for PA: -0.6325
[2025-12-02 11:55:38,789][root][INFO] -          DSC: 0.0840
[2025-12-02 11:55:54,916][root][INFO] - Iter 45: New best NCC for LAT: -0.6321
[2025-12-02 11:55:54,916][root][INFO] -          DSC: 0.1724
[2025-12-02 11:56:59,692][root][INFO] - Iter 49: New best NCC for LAT: -0.6322
[2025-12-02 11:56:59,692][root][INFO] -          DSC: 0.1741
[2025-12-02 11:57:32,521][root][INFO] - Iter 51: New best NCC for LAT: -0.6352
[2025-12-02 11:57:32,521][root][INFO] -          DSC: 0.1730
[2025-12-02 11:58:25,943][root][INFO] - Iter 54: New best NCC for LAT: -0.6355
[2025-12-02 11:58:25,943][root][INFO] -          DSC: 0.1726
[2025-12-02 12:00:57,103][root][INFO] - Iter 62: New best NCC for LAT: -0.6355
[2025-12-02 12:00:57,104][root][INFO] -          DSC: 0.1735
[2025-12-02 12:06:04,098][root][INFO] - Iter 77: New best NCC for LAT: -0.6357
[2025-12-02 12:06:04,098][root][INFO] -          DSC: 0.1738
[2025-12-02 12:06:42,566][root][INFO] - Iter 79: New best NCC for LAT: -0.6360
[2025-12-02 12:06:42,567][root][INFO] -          DSC: 0.1736
[2025-12-02 12:08:18,802][root][INFO] - Iter 84: New best NCC for LAT: -0.6361
[2025-12-02 12:08:18,803][root][INFO] -          DSC: 0.1735
[2025-12-02 12:11:43,315][root][INFO] - Iter 94: New best NCC for LAT: -0.6361
[2025-12-02 12:11:43,317][root][INFO] -          DSC: 0.1732
[2025-12-02 12:13:01,696][root][INFO] - Iter 98: New best NCC for LAT: -0.6363
[2025-12-02 12:13:01,696][root][INFO] -          DSC: 0.1733
[2025-12-02 12:15:31,640][root][INFO] - Iter 106: New best NCC for PA: -0.6332
[2025-12-02 12:15:31,641][root][INFO] -          DSC: 0.0828
[2025-12-02 12:28:57,260][root][INFO] - Iter 148: New best NCC for LAT: -0.6364
[2025-12-02 12:28:57,262][root][INFO] -          DSC: 0.1729
[2025-12-02 12:28:57,262][root][INFO] - Iter 148: New best NCC for PA: -0.6352
[2025-12-02 12:28:57,262][root][INFO] -          DSC: 0.0845
[2025-12-02 12:29:51,835][root][INFO] - Iter 151: New best NCC for LAT: -0.6364
[2025-12-02 12:29:51,835][root][INFO] -          DSC: 0.1733
[2025-12-02 12:30:10,244][root][INFO] - Iter 152: New best NCC for PA: -0.6362
[2025-12-02 12:30:10,244][root][INFO] -          DSC: 0.0842
[2025-12-02 12:31:24,017][root][INFO] - Iter 156: New best NCC for PA: -0.6362
[2025-12-02 12:31:24,017][root][INFO] -          DSC: 0.0835
[2025-12-02 12:32:16,317][root][INFO] - Iter 159: New best NCC for PA: -0.6366
[2025-12-02 12:32:16,318][root][INFO] -          DSC: 0.0838
[2025-12-02 12:50:54,253][root][INFO] - Iter 226: New best NCC for LAT: -0.6365
[2025-12-02 12:50:54,253][root][INFO] -          DSC: 0.1731
[2025-12-02 13:13:36,066][root][INFO] - Iter 305: New best NCC for PA: -0.6367
[2025-12-02 13:13:36,068][root][INFO] -          DSC: 0.0835
[2025-12-02 13:34:33,724][root][INFO] - Iter 373: New best NCC for PA: -0.6368
[2025-12-02 13:34:33,724][root][INFO] -          DSC: 0.0834
[2025-12-02 13:41:52,452][root][INFO] - Iter 397: New best NCC for PA: -0.6368
[2025-12-02 13:41:52,452][root][INFO] -          DSC: 0.0835
[2025-12-02 13:43:23,789][root][INFO] - Iter 402: New best NCC for PA: -0.6368
[2025-12-02 13:43:23,789][root][INFO] -          DSC: 0.0837
[2025-12-02 13:47:58,673][root][INFO] - Iter 417: New best NCC for PA: -0.6369
[2025-12-02 13:47:58,674][root][INFO] -          DSC: 0.0839
[2025-12-02 13:55:16,842][root][INFO] - Iter 443: New best NCC for PA: -0.6369
[2025-12-02 13:55:16,843][root][INFO] -          DSC: 0.0836
[2025-12-02 13:55:33,249][root][INFO] - Iter 444: New best NCC for PA: -0.6370
[2025-12-02 13:55:33,250][root][INFO] -          DSC: 0.0835
[2025-12-02 14:05:09,448][root][INFO] - Iter 478: New best NCC for LAT: -0.6366
[2025-12-02 14:05:09,448][root][INFO] -          DSC: 0.1730
[2025-12-02 14:07:27,004][root][INFO] - Iter 486: New best NCC for LAT: -0.6366
[2025-12-02 14:07:27,005][root][INFO] -          DSC: 0.1731
[2025-12-02 14:10:15,561][root][INFO] - Iter 495: New best NCC for PA: -0.6370
[2025-12-02 14:10:15,562][root][INFO] -          DSC: 0.0836
[2025-12-02 14:12:05,631][root][INFO] - Video saved to /Users/rvh/projects/GeoReg/outputs/2025-12-02/11-43-17/sub-stroke0001/pre/optimization_progress.mp4
[2025-12-02 14:12:05,634][root][INFO] - fit completed in 02:28:44.845
